<?xml version="1.0" encoding="UTF-8"?>
<testsuite xmlns:xsi="http://www.w3.org/2001/XMLSchema-instance" xsi:noNamespaceSchemaLocation="https://maven.apache.org/surefire/maven-surefire-plugin/xsd/surefire-test-report-3.0.xsd" version="3.0" name="gr.imsi.athenarc.xtremexpvisapi.XtremexpVisApiApplicationTests" time="2.649" tests="1" errors="0" skipped="0" failures="0">
  <properties>
    <property name="java.specification.version" value="17"/>
    <property name="sun.jnu.encoding" value="UTF-8"/>
    <property name="java.class.path" value="/Users/vasilisstamatopoulos/Documents/Works/ATHENA/Projects/XtremeXP/Code/xtremexp-vis-api/target/test-classes:/Users/vasilisstamatopoulos/Documents/Works/ATHENA/Projects/XtremeXP/Code/xtremexp-vis-api/target/classes:/Users/vasilisstamatopoulos/.m2/repository/org/springframework/boot/spring-boot-starter/3.3.0-M1/spring-boot-starter-3.3.0-M1.jar:/Users/vasilisstamatopoulos/.m2/repository/org/springframework/boot/spring-boot/3.3.0-M1/spring-boot-3.3.0-M1.jar:/Users/vasilisstamatopoulos/.m2/repository/org/springframework/spring-context/6.1.3/spring-context-6.1.3.jar:/Users/vasilisstamatopoulos/.m2/repository/org/springframework/boot/spring-boot-autoconfigure/3.3.0-M1/spring-boot-autoconfigure-3.3.0-M1.jar:/Users/vasilisstamatopoulos/.m2/repository/org/springframework/boot/spring-boot-starter-logging/3.3.0-M1/spring-boot-starter-logging-3.3.0-M1.jar:/Users/vasilisstamatopoulos/.m2/repository/ch/qos/logback/logback-classic/1.4.14/logback-classic-1.4.14.jar:/Users/vasilisstamatopoulos/.m2/repository/ch/qos/logback/logback-core/1.4.14/logback-core-1.4.14.jar:/Users/vasilisstamatopoulos/.m2/repository/org/apache/logging/log4j/log4j-to-slf4j/2.22.1/log4j-to-slf4j-2.22.1.jar:/Users/vasilisstamatopoulos/.m2/repository/org/apache/logging/log4j/log4j-api/2.22.1/log4j-api-2.22.1.jar:/Users/vasilisstamatopoulos/.m2/repository/org/slf4j/jul-to-slf4j/2.0.11/jul-to-slf4j-2.0.11.jar:/Users/vasilisstamatopoulos/.m2/repository/jakarta/annotation/jakarta.annotation-api/2.1.1/jakarta.annotation-api-2.1.1.jar:/Users/vasilisstamatopoulos/.m2/repository/org/springframework/spring-core/6.1.3/spring-core-6.1.3.jar:/Users/vasilisstamatopoulos/.m2/repository/org/yaml/snakeyaml/2.2/snakeyaml-2.2.jar:/Users/vasilisstamatopoulos/.m2/repository/org/springframework/session/spring-session-core/3.3.0-M1/spring-session-core-3.3.0-M1.jar:/Users/vasilisstamatopoulos/.m2/repository/org/springframework/spring-jcl/6.1.3/spring-jcl-6.1.3.jar:/Users/vasilisstamatopoulos/.m2/repository/org/springframework/boot/spring-boot-starter-validation/3.3.0-M1/spring-boot-starter-validation-3.3.0-M1.jar:/Users/vasilisstamatopoulos/.m2/repository/org/apache/tomcat/embed/tomcat-embed-el/10.1.18/tomcat-embed-el-10.1.18.jar:/Users/vasilisstamatopoulos/.m2/repository/org/hibernate/validator/hibernate-validator/8.0.1.Final/hibernate-validator-8.0.1.Final.jar:/Users/vasilisstamatopoulos/.m2/repository/jakarta/validation/jakarta.validation-api/3.0.2/jakarta.validation-api-3.0.2.jar:/Users/vasilisstamatopoulos/.m2/repository/org/jboss/logging/jboss-logging/3.5.3.Final/jboss-logging-3.5.3.Final.jar:/Users/vasilisstamatopoulos/.m2/repository/com/fasterxml/classmate/1.7.0/classmate-1.7.0.jar:/Users/vasilisstamatopoulos/.m2/repository/org/springframework/boot/spring-boot-starter-web/3.3.0-M1/spring-boot-starter-web-3.3.0-M1.jar:/Users/vasilisstamatopoulos/.m2/repository/org/springframework/boot/spring-boot-starter-json/3.3.0-M1/spring-boot-starter-json-3.3.0-M1.jar:/Users/vasilisstamatopoulos/.m2/repository/com/fasterxml/jackson/core/jackson-databind/2.16.1/jackson-databind-2.16.1.jar:/Users/vasilisstamatopoulos/.m2/repository/com/fasterxml/jackson/core/jackson-annotations/2.16.1/jackson-annotations-2.16.1.jar:/Users/vasilisstamatopoulos/.m2/repository/com/fasterxml/jackson/core/jackson-core/2.16.1/jackson-core-2.16.1.jar:/Users/vasilisstamatopoulos/.m2/repository/com/fasterxml/jackson/datatype/jackson-datatype-jdk8/2.16.1/jackson-datatype-jdk8-2.16.1.jar:/Users/vasilisstamatopoulos/.m2/repository/com/fasterxml/jackson/datatype/jackson-datatype-jsr310/2.16.1/jackson-datatype-jsr310-2.16.1.jar:/Users/vasilisstamatopoulos/.m2/repository/com/fasterxml/jackson/module/jackson-module-parameter-names/2.16.1/jackson-module-parameter-names-2.16.1.jar:/Users/vasilisstamatopoulos/.m2/repository/org/springframework/boot/spring-boot-starter-tomcat/3.3.0-M1/spring-boot-starter-tomcat-3.3.0-M1.jar:/Users/vasilisstamatopoulos/.m2/repository/org/apache/tomcat/embed/tomcat-embed-core/10.1.18/tomcat-embed-core-10.1.18.jar:/Users/vasilisstamatopoulos/.m2/repository/org/apache/tomcat/embed/tomcat-embed-websocket/10.1.18/tomcat-embed-websocket-10.1.18.jar:/Users/vasilisstamatopoulos/.m2/repository/org/springframework/spring-webmvc/6.1.3/spring-webmvc-6.1.3.jar:/Users/vasilisstamatopoulos/.m2/repository/org/springframework/spring-aop/6.1.3/spring-aop-6.1.3.jar:/Users/vasilisstamatopoulos/.m2/repository/org/springframework/spring-expression/6.1.3/spring-expression-6.1.3.jar:/Users/vasilisstamatopoulos/.m2/repository/org/springframework/boot/spring-boot-starter-test/3.3.0-M1/spring-boot-starter-test-3.3.0-M1.jar:/Users/vasilisstamatopoulos/.m2/repository/org/springframework/boot/spring-boot-test/3.3.0-M1/spring-boot-test-3.3.0-M1.jar:/Users/vasilisstamatopoulos/.m2/repository/org/springframework/boot/spring-boot-test-autoconfigure/3.3.0-M1/spring-boot-test-autoconfigure-3.3.0-M1.jar:/Users/vasilisstamatopoulos/.m2/repository/com/jayway/jsonpath/json-path/2.8.0/json-path-2.8.0.jar:/Users/vasilisstamatopoulos/.m2/repository/jakarta/xml/bind/jakarta.xml.bind-api/4.0.1/jakarta.xml.bind-api-4.0.1.jar:/Users/vasilisstamatopoulos/.m2/repository/jakarta/activation/jakarta.activation-api/2.1.2/jakarta.activation-api-2.1.2.jar:/Users/vasilisstamatopoulos/.m2/repository/net/minidev/json-smart/2.5.0/json-smart-2.5.0.jar:/Users/vasilisstamatopoulos/.m2/repository/net/minidev/accessors-smart/2.5.0/accessors-smart-2.5.0.jar:/Users/vasilisstamatopoulos/.m2/repository/org/ow2/asm/asm/9.3/asm-9.3.jar:/Users/vasilisstamatopoulos/.m2/repository/org/assertj/assertj-core/3.25.1/assertj-core-3.25.1.jar:/Users/vasilisstamatopoulos/.m2/repository/net/bytebuddy/byte-buddy/1.14.11/byte-buddy-1.14.11.jar:/Users/vasilisstamatopoulos/.m2/repository/org/awaitility/awaitility/4.2.0/awaitility-4.2.0.jar:/Users/vasilisstamatopoulos/.m2/repository/org/hamcrest/hamcrest/2.2/hamcrest-2.2.jar:/Users/vasilisstamatopoulos/.m2/repository/org/junit/jupiter/junit-jupiter/5.10.1/junit-jupiter-5.10.1.jar:/Users/vasilisstamatopoulos/.m2/repository/org/junit/jupiter/junit-jupiter-api/5.10.1/junit-jupiter-api-5.10.1.jar:/Users/vasilisstamatopoulos/.m2/repository/org/opentest4j/opentest4j/1.3.0/opentest4j-1.3.0.jar:/Users/vasilisstamatopoulos/.m2/repository/org/junit/platform/junit-platform-commons/1.10.1/junit-platform-commons-1.10.1.jar:/Users/vasilisstamatopoulos/.m2/repository/org/apiguardian/apiguardian-api/1.1.2/apiguardian-api-1.1.2.jar:/Users/vasilisstamatopoulos/.m2/repository/org/junit/jupiter/junit-jupiter-params/5.10.1/junit-jupiter-params-5.10.1.jar:/Users/vasilisstamatopoulos/.m2/repository/org/junit/jupiter/junit-jupiter-engine/5.10.1/junit-jupiter-engine-5.10.1.jar:/Users/vasilisstamatopoulos/.m2/repository/org/junit/platform/junit-platform-engine/1.10.1/junit-platform-engine-1.10.1.jar:/Users/vasilisstamatopoulos/.m2/repository/org/mockito/mockito-core/5.9.0/mockito-core-5.9.0.jar:/Users/vasilisstamatopoulos/.m2/repository/net/bytebuddy/byte-buddy-agent/1.14.11/byte-buddy-agent-1.14.11.jar:/Users/vasilisstamatopoulos/.m2/repository/org/objenesis/objenesis/3.3/objenesis-3.3.jar:/Users/vasilisstamatopoulos/.m2/repository/org/mockito/mockito-junit-jupiter/5.9.0/mockito-junit-jupiter-5.9.0.jar:/Users/vasilisstamatopoulos/.m2/repository/org/skyscreamer/jsonassert/1.5.1/jsonassert-1.5.1.jar:/Users/vasilisstamatopoulos/.m2/repository/com/vaadin/external/google/android-json/0.0.20131108.vaadin1/android-json-0.0.20131108.vaadin1.jar:/Users/vasilisstamatopoulos/.m2/repository/org/springframework/spring-test/6.1.3/spring-test-6.1.3.jar:/Users/vasilisstamatopoulos/.m2/repository/org/xmlunit/xmlunit-core/2.9.1/xmlunit-core-2.9.1.jar:/Users/vasilisstamatopoulos/.m2/repository/org/springframework/spring-web/6.1.3/spring-web-6.1.3.jar:/Users/vasilisstamatopoulos/.m2/repository/org/springframework/spring-beans/6.1.3/spring-beans-6.1.3.jar:/Users/vasilisstamatopoulos/.m2/repository/io/micrometer/micrometer-observation/1.12.2/micrometer-observation-1.12.2.jar:/Users/vasilisstamatopoulos/.m2/repository/io/micrometer/micrometer-commons/1.12.2/micrometer-commons-1.12.2.jar:/Users/vasilisstamatopoulos/.m2/repository/tech/tablesaw/tablesaw-core/0.43.1/tablesaw-core-0.43.1.jar:/Users/vasilisstamatopoulos/.m2/repository/com/google/guava/guava/30.0-jre/guava-30.0-jre.jar:/Users/vasilisstamatopoulos/.m2/repository/com/google/guava/failureaccess/1.0.1/failureaccess-1.0.1.jar:/Users/vasilisstamatopoulos/.m2/repository/com/google/guava/listenablefuture/9999.0-empty-to-avoid-conflict-with-guava/listenablefuture-9999.0-empty-to-avoid-conflict-with-guava.jar:/Users/vasilisstamatopoulos/.m2/repository/org/checkerframework/checker-qual/3.5.0/checker-qual-3.5.0.jar:/Users/vasilisstamatopoulos/.m2/repository/org/apache/commons/commons-math3/3.6.1/commons-math3-3.6.1.jar:/Users/vasilisstamatopoulos/.m2/repository/it/unimi/dsi/fastutil/8.3.0/fastutil-8.3.0.jar:/Users/vasilisstamatopoulos/.m2/repository/org/roaringbitmap/RoaringBitmap/0.9.25/RoaringBitmap-0.9.25.jar:/Users/vasilisstamatopoulos/.m2/repository/org/roaringbitmap/shims/0.9.25/shims-0.9.25.jar:/Users/vasilisstamatopoulos/.m2/repository/com/univocity/univocity-parsers/2.8.4/univocity-parsers-2.8.4.jar:/Users/vasilisstamatopoulos/.m2/repository/com/ibm/icu/icu4j/65.1/icu4j-65.1.jar:/Users/vasilisstamatopoulos/.m2/repository/io/github/classgraph/classgraph/4.8.60/classgraph-4.8.60.jar:/Users/vasilisstamatopoulos/.m2/repository/org/slf4j/slf4j-api/2.0.11/slf4j-api-2.0.11.jar:/Users/vasilisstamatopoulos/.m2/repository/com/google/protobuf/protobuf-java-util/3.25.3/protobuf-java-util-3.25.3.jar:/Users/vasilisstamatopoulos/.m2/repository/com/google/protobuf/protobuf-java/3.25.3/protobuf-java-3.25.3.jar:/Users/vasilisstamatopoulos/.m2/repository/com/google/code/findbugs/jsr305/3.0.2/jsr305-3.0.2.jar:/Users/vasilisstamatopoulos/.m2/repository/com/google/code/gson/gson/2.10.1/gson-2.10.1.jar:/Users/vasilisstamatopoulos/.m2/repository/com/google/errorprone/error_prone_annotations/2.18.0/error_prone_annotations-2.18.0.jar:/Users/vasilisstamatopoulos/.m2/repository/com/google/j2objc/j2objc-annotations/2.8/j2objc-annotations-2.8.jar:/Users/vasilisstamatopoulos/.m2/repository/io/grpc/grpc-stub/1.62.2/grpc-stub-1.62.2.jar:/Users/vasilisstamatopoulos/.m2/repository/io/grpc/grpc-api/1.62.2/grpc-api-1.62.2.jar:/Users/vasilisstamatopoulos/.m2/repository/io/grpc/grpc-protobuf/1.62.2/grpc-protobuf-1.62.2.jar:/Users/vasilisstamatopoulos/.m2/repository/com/google/api/grpc/proto-google-common-protos/2.29.0/proto-google-common-protos-2.29.0.jar:/Users/vasilisstamatopoulos/.m2/repository/io/grpc/grpc-protobuf-lite/1.62.2/grpc-protobuf-lite-1.62.2.jar:/Users/vasilisstamatopoulos/.m2/repository/io/grpc/grpc-netty/1.62.2/grpc-netty-1.62.2.jar:/Users/vasilisstamatopoulos/.m2/repository/io/netty/netty-codec-http2/4.1.105.Final/netty-codec-http2-4.1.105.Final.jar:/Users/vasilisstamatopoulos/.m2/repository/io/grpc/grpc-core/1.62.2/grpc-core-1.62.2.jar:/Users/vasilisstamatopoulos/.m2/repository/com/google/android/annotations/4.1.1.4/annotations-4.1.1.4.jar:/Users/vasilisstamatopoulos/.m2/repository/org/codehaus/mojo/animal-sniffer-annotations/1.23/animal-sniffer-annotations-1.23.jar:/Users/vasilisstamatopoulos/.m2/repository/io/grpc/grpc-context/1.62.2/grpc-context-1.62.2.jar:/Users/vasilisstamatopoulos/.m2/repository/io/netty/netty-handler-proxy/4.1.105.Final/netty-handler-proxy-4.1.105.Final.jar:/Users/vasilisstamatopoulos/.m2/repository/io/perfmark/perfmark-api/0.26.0/perfmark-api-0.26.0.jar:/Users/vasilisstamatopoulos/.m2/repository/io/netty/netty-transport-native-unix-common/4.1.105.Final/netty-transport-native-unix-common-4.1.105.Final.jar:/Users/vasilisstamatopoulos/.m2/repository/io/grpc/grpc-util/1.62.2/grpc-util-1.62.2.jar:/Users/vasilisstamatopoulos/.m2/repository/io/netty/netty-all/4.1.101.Final/netty-all-4.1.101.Final.jar:/Users/vasilisstamatopoulos/.m2/repository/io/netty/netty-buffer/4.1.105.Final/netty-buffer-4.1.105.Final.jar:/Users/vasilisstamatopoulos/.m2/repository/io/netty/netty-codec/4.1.105.Final/netty-codec-4.1.105.Final.jar:/Users/vasilisstamatopoulos/.m2/repository/io/netty/netty-codec-dns/4.1.105.Final/netty-codec-dns-4.1.105.Final.jar:/Users/vasilisstamatopoulos/.m2/repository/io/netty/netty-codec-haproxy/4.1.105.Final/netty-codec-haproxy-4.1.105.Final.jar:/Users/vasilisstamatopoulos/.m2/repository/io/netty/netty-codec-http/4.1.105.Final/netty-codec-http-4.1.105.Final.jar:/Users/vasilisstamatopoulos/.m2/repository/io/netty/netty-codec-memcache/4.1.105.Final/netty-codec-memcache-4.1.105.Final.jar:/Users/vasilisstamatopoulos/.m2/repository/io/netty/netty-codec-mqtt/4.1.105.Final/netty-codec-mqtt-4.1.105.Final.jar:/Users/vasilisstamatopoulos/.m2/repository/io/netty/netty-codec-redis/4.1.105.Final/netty-codec-redis-4.1.105.Final.jar:/Users/vasilisstamatopoulos/.m2/repository/io/netty/netty-codec-smtp/4.1.105.Final/netty-codec-smtp-4.1.105.Final.jar:/Users/vasilisstamatopoulos/.m2/repository/io/netty/netty-codec-socks/4.1.105.Final/netty-codec-socks-4.1.105.Final.jar:/Users/vasilisstamatopoulos/.m2/repository/io/netty/netty-codec-stomp/4.1.105.Final/netty-codec-stomp-4.1.105.Final.jar:/Users/vasilisstamatopoulos/.m2/repository/io/netty/netty-codec-xml/4.1.105.Final/netty-codec-xml-4.1.105.Final.jar:/Users/vasilisstamatopoulos/.m2/repository/io/netty/netty-common/4.1.105.Final/netty-common-4.1.105.Final.jar:/Users/vasilisstamatopoulos/.m2/repository/io/netty/netty-handler/4.1.105.Final/netty-handler-4.1.105.Final.jar:/Users/vasilisstamatopoulos/.m2/repository/io/netty/netty-handler-ssl-ocsp/4.1.105.Final/netty-handler-ssl-ocsp-4.1.105.Final.jar:/Users/vasilisstamatopoulos/.m2/repository/io/netty/netty-resolver/4.1.105.Final/netty-resolver-4.1.105.Final.jar:/Users/vasilisstamatopoulos/.m2/repository/io/netty/netty-resolver-dns/4.1.105.Final/netty-resolver-dns-4.1.105.Final.jar:/Users/vasilisstamatopoulos/.m2/repository/io/netty/netty-transport/4.1.105.Final/netty-transport-4.1.105.Final.jar:/Users/vasilisstamatopoulos/.m2/repository/io/netty/netty-transport-rxtx/4.1.105.Final/netty-transport-rxtx-4.1.105.Final.jar:/Users/vasilisstamatopoulos/.m2/repository/io/netty/netty-transport-sctp/4.1.105.Final/netty-transport-sctp-4.1.105.Final.jar:/Users/vasilisstamatopoulos/.m2/repository/io/netty/netty-transport-udt/4.1.105.Final/netty-transport-udt-4.1.105.Final.jar:/Users/vasilisstamatopoulos/.m2/repository/io/netty/netty-transport-classes-epoll/4.1.105.Final/netty-transport-classes-epoll-4.1.105.Final.jar:/Users/vasilisstamatopoulos/.m2/repository/io/netty/netty-transport-classes-kqueue/4.1.105.Final/netty-transport-classes-kqueue-4.1.105.Final.jar:/Users/vasilisstamatopoulos/.m2/repository/io/netty/netty-resolver-dns-classes-macos/4.1.105.Final/netty-resolver-dns-classes-macos-4.1.105.Final.jar:/Users/vasilisstamatopoulos/.m2/repository/io/netty/netty-transport-native-epoll/4.1.105.Final/netty-transport-native-epoll-4.1.105.Final-linux-x86_64.jar:/Users/vasilisstamatopoulos/.m2/repository/io/netty/netty-transport-native-epoll/4.1.105.Final/netty-transport-native-epoll-4.1.105.Final-linux-aarch_64.jar:/Users/vasilisstamatopoulos/.m2/repository/io/netty/netty-transport-native-kqueue/4.1.105.Final/netty-transport-native-kqueue-4.1.105.Final-osx-x86_64.jar:/Users/vasilisstamatopoulos/.m2/repository/io/netty/netty-transport-native-kqueue/4.1.105.Final/netty-transport-native-kqueue-4.1.105.Final-osx-aarch_64.jar:/Users/vasilisstamatopoulos/.m2/repository/io/netty/netty-resolver-dns-native-macos/4.1.105.Final/netty-resolver-dns-native-macos-4.1.105.Final-osx-x86_64.jar:/Users/vasilisstamatopoulos/.m2/repository/io/netty/netty-resolver-dns-native-macos/4.1.105.Final/netty-resolver-dns-native-macos-4.1.105.Final-osx-aarch_64.jar:"/>
    <property name="java.vm.vendor" value="Oracle Corporation"/>
    <property name="sun.arch.data.model" value="64"/>
    <property name="java.vendor.url" value="https://java.oracle.com/"/>
    <property name="user.timezone" value="Europe/Athens"/>
    <property name="org.jboss.logging.provider" value="slf4j"/>
    <property name="os.name" value="Mac OS X"/>
    <property name="java.vm.specification.version" value="17"/>
    <property name="sun.java.launcher" value="SUN_STANDARD"/>
    <property name="user.country" value="GB"/>
    <property name="sun.boot.library.path" value="/Library/Java/JavaVirtualMachines/jdk-17.0.1.jdk/Contents/Home/lib"/>
    <property name="sun.java.command" value="/Users/vasilisstamatopoulos/Documents/Works/ATHENA/Projects/XtremeXP/Code/xtremexp-vis-api/target/surefire/surefirebooter-20240315175531567_3.jar /Users/vasilisstamatopoulos/Documents/Works/ATHENA/Projects/XtremeXP/Code/xtremexp-vis-api/target/surefire 2024-03-15T17-55-31_304-jvmRun1 surefire-20240315175531567_1tmp surefire_0-20240315175531567_2tmp"/>
    <property name="jdk.debug" value="release"/>
    <property name="surefire.test.class.path" value="/Users/vasilisstamatopoulos/Documents/Works/ATHENA/Projects/XtremeXP/Code/xtremexp-vis-api/target/test-classes:/Users/vasilisstamatopoulos/Documents/Works/ATHENA/Projects/XtremeXP/Code/xtremexp-vis-api/target/classes:/Users/vasilisstamatopoulos/.m2/repository/org/springframework/boot/spring-boot-starter/3.3.0-M1/spring-boot-starter-3.3.0-M1.jar:/Users/vasilisstamatopoulos/.m2/repository/org/springframework/boot/spring-boot/3.3.0-M1/spring-boot-3.3.0-M1.jar:/Users/vasilisstamatopoulos/.m2/repository/org/springframework/spring-context/6.1.3/spring-context-6.1.3.jar:/Users/vasilisstamatopoulos/.m2/repository/org/springframework/boot/spring-boot-autoconfigure/3.3.0-M1/spring-boot-autoconfigure-3.3.0-M1.jar:/Users/vasilisstamatopoulos/.m2/repository/org/springframework/boot/spring-boot-starter-logging/3.3.0-M1/spring-boot-starter-logging-3.3.0-M1.jar:/Users/vasilisstamatopoulos/.m2/repository/ch/qos/logback/logback-classic/1.4.14/logback-classic-1.4.14.jar:/Users/vasilisstamatopoulos/.m2/repository/ch/qos/logback/logback-core/1.4.14/logback-core-1.4.14.jar:/Users/vasilisstamatopoulos/.m2/repository/org/apache/logging/log4j/log4j-to-slf4j/2.22.1/log4j-to-slf4j-2.22.1.jar:/Users/vasilisstamatopoulos/.m2/repository/org/apache/logging/log4j/log4j-api/2.22.1/log4j-api-2.22.1.jar:/Users/vasilisstamatopoulos/.m2/repository/org/slf4j/jul-to-slf4j/2.0.11/jul-to-slf4j-2.0.11.jar:/Users/vasilisstamatopoulos/.m2/repository/jakarta/annotation/jakarta.annotation-api/2.1.1/jakarta.annotation-api-2.1.1.jar:/Users/vasilisstamatopoulos/.m2/repository/org/springframework/spring-core/6.1.3/spring-core-6.1.3.jar:/Users/vasilisstamatopoulos/.m2/repository/org/yaml/snakeyaml/2.2/snakeyaml-2.2.jar:/Users/vasilisstamatopoulos/.m2/repository/org/springframework/session/spring-session-core/3.3.0-M1/spring-session-core-3.3.0-M1.jar:/Users/vasilisstamatopoulos/.m2/repository/org/springframework/spring-jcl/6.1.3/spring-jcl-6.1.3.jar:/Users/vasilisstamatopoulos/.m2/repository/org/springframework/boot/spring-boot-starter-validation/3.3.0-M1/spring-boot-starter-validation-3.3.0-M1.jar:/Users/vasilisstamatopoulos/.m2/repository/org/apache/tomcat/embed/tomcat-embed-el/10.1.18/tomcat-embed-el-10.1.18.jar:/Users/vasilisstamatopoulos/.m2/repository/org/hibernate/validator/hibernate-validator/8.0.1.Final/hibernate-validator-8.0.1.Final.jar:/Users/vasilisstamatopoulos/.m2/repository/jakarta/validation/jakarta.validation-api/3.0.2/jakarta.validation-api-3.0.2.jar:/Users/vasilisstamatopoulos/.m2/repository/org/jboss/logging/jboss-logging/3.5.3.Final/jboss-logging-3.5.3.Final.jar:/Users/vasilisstamatopoulos/.m2/repository/com/fasterxml/classmate/1.7.0/classmate-1.7.0.jar:/Users/vasilisstamatopoulos/.m2/repository/org/springframework/boot/spring-boot-starter-web/3.3.0-M1/spring-boot-starter-web-3.3.0-M1.jar:/Users/vasilisstamatopoulos/.m2/repository/org/springframework/boot/spring-boot-starter-json/3.3.0-M1/spring-boot-starter-json-3.3.0-M1.jar:/Users/vasilisstamatopoulos/.m2/repository/com/fasterxml/jackson/core/jackson-databind/2.16.1/jackson-databind-2.16.1.jar:/Users/vasilisstamatopoulos/.m2/repository/com/fasterxml/jackson/core/jackson-annotations/2.16.1/jackson-annotations-2.16.1.jar:/Users/vasilisstamatopoulos/.m2/repository/com/fasterxml/jackson/core/jackson-core/2.16.1/jackson-core-2.16.1.jar:/Users/vasilisstamatopoulos/.m2/repository/com/fasterxml/jackson/datatype/jackson-datatype-jdk8/2.16.1/jackson-datatype-jdk8-2.16.1.jar:/Users/vasilisstamatopoulos/.m2/repository/com/fasterxml/jackson/datatype/jackson-datatype-jsr310/2.16.1/jackson-datatype-jsr310-2.16.1.jar:/Users/vasilisstamatopoulos/.m2/repository/com/fasterxml/jackson/module/jackson-module-parameter-names/2.16.1/jackson-module-parameter-names-2.16.1.jar:/Users/vasilisstamatopoulos/.m2/repository/org/springframework/boot/spring-boot-starter-tomcat/3.3.0-M1/spring-boot-starter-tomcat-3.3.0-M1.jar:/Users/vasilisstamatopoulos/.m2/repository/org/apache/tomcat/embed/tomcat-embed-core/10.1.18/tomcat-embed-core-10.1.18.jar:/Users/vasilisstamatopoulos/.m2/repository/org/apache/tomcat/embed/tomcat-embed-websocket/10.1.18/tomcat-embed-websocket-10.1.18.jar:/Users/vasilisstamatopoulos/.m2/repository/org/springframework/spring-webmvc/6.1.3/spring-webmvc-6.1.3.jar:/Users/vasilisstamatopoulos/.m2/repository/org/springframework/spring-aop/6.1.3/spring-aop-6.1.3.jar:/Users/vasilisstamatopoulos/.m2/repository/org/springframework/spring-expression/6.1.3/spring-expression-6.1.3.jar:/Users/vasilisstamatopoulos/.m2/repository/org/springframework/boot/spring-boot-starter-test/3.3.0-M1/spring-boot-starter-test-3.3.0-M1.jar:/Users/vasilisstamatopoulos/.m2/repository/org/springframework/boot/spring-boot-test/3.3.0-M1/spring-boot-test-3.3.0-M1.jar:/Users/vasilisstamatopoulos/.m2/repository/org/springframework/boot/spring-boot-test-autoconfigure/3.3.0-M1/spring-boot-test-autoconfigure-3.3.0-M1.jar:/Users/vasilisstamatopoulos/.m2/repository/com/jayway/jsonpath/json-path/2.8.0/json-path-2.8.0.jar:/Users/vasilisstamatopoulos/.m2/repository/jakarta/xml/bind/jakarta.xml.bind-api/4.0.1/jakarta.xml.bind-api-4.0.1.jar:/Users/vasilisstamatopoulos/.m2/repository/jakarta/activation/jakarta.activation-api/2.1.2/jakarta.activation-api-2.1.2.jar:/Users/vasilisstamatopoulos/.m2/repository/net/minidev/json-smart/2.5.0/json-smart-2.5.0.jar:/Users/vasilisstamatopoulos/.m2/repository/net/minidev/accessors-smart/2.5.0/accessors-smart-2.5.0.jar:/Users/vasilisstamatopoulos/.m2/repository/org/ow2/asm/asm/9.3/asm-9.3.jar:/Users/vasilisstamatopoulos/.m2/repository/org/assertj/assertj-core/3.25.1/assertj-core-3.25.1.jar:/Users/vasilisstamatopoulos/.m2/repository/net/bytebuddy/byte-buddy/1.14.11/byte-buddy-1.14.11.jar:/Users/vasilisstamatopoulos/.m2/repository/org/awaitility/awaitility/4.2.0/awaitility-4.2.0.jar:/Users/vasilisstamatopoulos/.m2/repository/org/hamcrest/hamcrest/2.2/hamcrest-2.2.jar:/Users/vasilisstamatopoulos/.m2/repository/org/junit/jupiter/junit-jupiter/5.10.1/junit-jupiter-5.10.1.jar:/Users/vasilisstamatopoulos/.m2/repository/org/junit/jupiter/junit-jupiter-api/5.10.1/junit-jupiter-api-5.10.1.jar:/Users/vasilisstamatopoulos/.m2/repository/org/opentest4j/opentest4j/1.3.0/opentest4j-1.3.0.jar:/Users/vasilisstamatopoulos/.m2/repository/org/junit/platform/junit-platform-commons/1.10.1/junit-platform-commons-1.10.1.jar:/Users/vasilisstamatopoulos/.m2/repository/org/apiguardian/apiguardian-api/1.1.2/apiguardian-api-1.1.2.jar:/Users/vasilisstamatopoulos/.m2/repository/org/junit/jupiter/junit-jupiter-params/5.10.1/junit-jupiter-params-5.10.1.jar:/Users/vasilisstamatopoulos/.m2/repository/org/junit/jupiter/junit-jupiter-engine/5.10.1/junit-jupiter-engine-5.10.1.jar:/Users/vasilisstamatopoulos/.m2/repository/org/junit/platform/junit-platform-engine/1.10.1/junit-platform-engine-1.10.1.jar:/Users/vasilisstamatopoulos/.m2/repository/org/mockito/mockito-core/5.9.0/mockito-core-5.9.0.jar:/Users/vasilisstamatopoulos/.m2/repository/net/bytebuddy/byte-buddy-agent/1.14.11/byte-buddy-agent-1.14.11.jar:/Users/vasilisstamatopoulos/.m2/repository/org/objenesis/objenesis/3.3/objenesis-3.3.jar:/Users/vasilisstamatopoulos/.m2/repository/org/mockito/mockito-junit-jupiter/5.9.0/mockito-junit-jupiter-5.9.0.jar:/Users/vasilisstamatopoulos/.m2/repository/org/skyscreamer/jsonassert/1.5.1/jsonassert-1.5.1.jar:/Users/vasilisstamatopoulos/.m2/repository/com/vaadin/external/google/android-json/0.0.20131108.vaadin1/android-json-0.0.20131108.vaadin1.jar:/Users/vasilisstamatopoulos/.m2/repository/org/springframework/spring-test/6.1.3/spring-test-6.1.3.jar:/Users/vasilisstamatopoulos/.m2/repository/org/xmlunit/xmlunit-core/2.9.1/xmlunit-core-2.9.1.jar:/Users/vasilisstamatopoulos/.m2/repository/org/springframework/spring-web/6.1.3/spring-web-6.1.3.jar:/Users/vasilisstamatopoulos/.m2/repository/org/springframework/spring-beans/6.1.3/spring-beans-6.1.3.jar:/Users/vasilisstamatopoulos/.m2/repository/io/micrometer/micrometer-observation/1.12.2/micrometer-observation-1.12.2.jar:/Users/vasilisstamatopoulos/.m2/repository/io/micrometer/micrometer-commons/1.12.2/micrometer-commons-1.12.2.jar:/Users/vasilisstamatopoulos/.m2/repository/tech/tablesaw/tablesaw-core/0.43.1/tablesaw-core-0.43.1.jar:/Users/vasilisstamatopoulos/.m2/repository/com/google/guava/guava/30.0-jre/guava-30.0-jre.jar:/Users/vasilisstamatopoulos/.m2/repository/com/google/guava/failureaccess/1.0.1/failureaccess-1.0.1.jar:/Users/vasilisstamatopoulos/.m2/repository/com/google/guava/listenablefuture/9999.0-empty-to-avoid-conflict-with-guava/listenablefuture-9999.0-empty-to-avoid-conflict-with-guava.jar:/Users/vasilisstamatopoulos/.m2/repository/org/checkerframework/checker-qual/3.5.0/checker-qual-3.5.0.jar:/Users/vasilisstamatopoulos/.m2/repository/org/apache/commons/commons-math3/3.6.1/commons-math3-3.6.1.jar:/Users/vasilisstamatopoulos/.m2/repository/it/unimi/dsi/fastutil/8.3.0/fastutil-8.3.0.jar:/Users/vasilisstamatopoulos/.m2/repository/org/roaringbitmap/RoaringBitmap/0.9.25/RoaringBitmap-0.9.25.jar:/Users/vasilisstamatopoulos/.m2/repository/org/roaringbitmap/shims/0.9.25/shims-0.9.25.jar:/Users/vasilisstamatopoulos/.m2/repository/com/univocity/univocity-parsers/2.8.4/univocity-parsers-2.8.4.jar:/Users/vasilisstamatopoulos/.m2/repository/com/ibm/icu/icu4j/65.1/icu4j-65.1.jar:/Users/vasilisstamatopoulos/.m2/repository/io/github/classgraph/classgraph/4.8.60/classgraph-4.8.60.jar:/Users/vasilisstamatopoulos/.m2/repository/org/slf4j/slf4j-api/2.0.11/slf4j-api-2.0.11.jar:/Users/vasilisstamatopoulos/.m2/repository/com/google/protobuf/protobuf-java-util/3.25.3/protobuf-java-util-3.25.3.jar:/Users/vasilisstamatopoulos/.m2/repository/com/google/protobuf/protobuf-java/3.25.3/protobuf-java-3.25.3.jar:/Users/vasilisstamatopoulos/.m2/repository/com/google/code/findbugs/jsr305/3.0.2/jsr305-3.0.2.jar:/Users/vasilisstamatopoulos/.m2/repository/com/google/code/gson/gson/2.10.1/gson-2.10.1.jar:/Users/vasilisstamatopoulos/.m2/repository/com/google/errorprone/error_prone_annotations/2.18.0/error_prone_annotations-2.18.0.jar:/Users/vasilisstamatopoulos/.m2/repository/com/google/j2objc/j2objc-annotations/2.8/j2objc-annotations-2.8.jar:/Users/vasilisstamatopoulos/.m2/repository/io/grpc/grpc-stub/1.62.2/grpc-stub-1.62.2.jar:/Users/vasilisstamatopoulos/.m2/repository/io/grpc/grpc-api/1.62.2/grpc-api-1.62.2.jar:/Users/vasilisstamatopoulos/.m2/repository/io/grpc/grpc-protobuf/1.62.2/grpc-protobuf-1.62.2.jar:/Users/vasilisstamatopoulos/.m2/repository/com/google/api/grpc/proto-google-common-protos/2.29.0/proto-google-common-protos-2.29.0.jar:/Users/vasilisstamatopoulos/.m2/repository/io/grpc/grpc-protobuf-lite/1.62.2/grpc-protobuf-lite-1.62.2.jar:/Users/vasilisstamatopoulos/.m2/repository/io/grpc/grpc-netty/1.62.2/grpc-netty-1.62.2.jar:/Users/vasilisstamatopoulos/.m2/repository/io/netty/netty-codec-http2/4.1.105.Final/netty-codec-http2-4.1.105.Final.jar:/Users/vasilisstamatopoulos/.m2/repository/io/grpc/grpc-core/1.62.2/grpc-core-1.62.2.jar:/Users/vasilisstamatopoulos/.m2/repository/com/google/android/annotations/4.1.1.4/annotations-4.1.1.4.jar:/Users/vasilisstamatopoulos/.m2/repository/org/codehaus/mojo/animal-sniffer-annotations/1.23/animal-sniffer-annotations-1.23.jar:/Users/vasilisstamatopoulos/.m2/repository/io/grpc/grpc-context/1.62.2/grpc-context-1.62.2.jar:/Users/vasilisstamatopoulos/.m2/repository/io/netty/netty-handler-proxy/4.1.105.Final/netty-handler-proxy-4.1.105.Final.jar:/Users/vasilisstamatopoulos/.m2/repository/io/perfmark/perfmark-api/0.26.0/perfmark-api-0.26.0.jar:/Users/vasilisstamatopoulos/.m2/repository/io/netty/netty-transport-native-unix-common/4.1.105.Final/netty-transport-native-unix-common-4.1.105.Final.jar:/Users/vasilisstamatopoulos/.m2/repository/io/grpc/grpc-util/1.62.2/grpc-util-1.62.2.jar:/Users/vasilisstamatopoulos/.m2/repository/io/netty/netty-all/4.1.101.Final/netty-all-4.1.101.Final.jar:/Users/vasilisstamatopoulos/.m2/repository/io/netty/netty-buffer/4.1.105.Final/netty-buffer-4.1.105.Final.jar:/Users/vasilisstamatopoulos/.m2/repository/io/netty/netty-codec/4.1.105.Final/netty-codec-4.1.105.Final.jar:/Users/vasilisstamatopoulos/.m2/repository/io/netty/netty-codec-dns/4.1.105.Final/netty-codec-dns-4.1.105.Final.jar:/Users/vasilisstamatopoulos/.m2/repository/io/netty/netty-codec-haproxy/4.1.105.Final/netty-codec-haproxy-4.1.105.Final.jar:/Users/vasilisstamatopoulos/.m2/repository/io/netty/netty-codec-http/4.1.105.Final/netty-codec-http-4.1.105.Final.jar:/Users/vasilisstamatopoulos/.m2/repository/io/netty/netty-codec-memcache/4.1.105.Final/netty-codec-memcache-4.1.105.Final.jar:/Users/vasilisstamatopoulos/.m2/repository/io/netty/netty-codec-mqtt/4.1.105.Final/netty-codec-mqtt-4.1.105.Final.jar:/Users/vasilisstamatopoulos/.m2/repository/io/netty/netty-codec-redis/4.1.105.Final/netty-codec-redis-4.1.105.Final.jar:/Users/vasilisstamatopoulos/.m2/repository/io/netty/netty-codec-smtp/4.1.105.Final/netty-codec-smtp-4.1.105.Final.jar:/Users/vasilisstamatopoulos/.m2/repository/io/netty/netty-codec-socks/4.1.105.Final/netty-codec-socks-4.1.105.Final.jar:/Users/vasilisstamatopoulos/.m2/repository/io/netty/netty-codec-stomp/4.1.105.Final/netty-codec-stomp-4.1.105.Final.jar:/Users/vasilisstamatopoulos/.m2/repository/io/netty/netty-codec-xml/4.1.105.Final/netty-codec-xml-4.1.105.Final.jar:/Users/vasilisstamatopoulos/.m2/repository/io/netty/netty-common/4.1.105.Final/netty-common-4.1.105.Final.jar:/Users/vasilisstamatopoulos/.m2/repository/io/netty/netty-handler/4.1.105.Final/netty-handler-4.1.105.Final.jar:/Users/vasilisstamatopoulos/.m2/repository/io/netty/netty-handler-ssl-ocsp/4.1.105.Final/netty-handler-ssl-ocsp-4.1.105.Final.jar:/Users/vasilisstamatopoulos/.m2/repository/io/netty/netty-resolver/4.1.105.Final/netty-resolver-4.1.105.Final.jar:/Users/vasilisstamatopoulos/.m2/repository/io/netty/netty-resolver-dns/4.1.105.Final/netty-resolver-dns-4.1.105.Final.jar:/Users/vasilisstamatopoulos/.m2/repository/io/netty/netty-transport/4.1.105.Final/netty-transport-4.1.105.Final.jar:/Users/vasilisstamatopoulos/.m2/repository/io/netty/netty-transport-rxtx/4.1.105.Final/netty-transport-rxtx-4.1.105.Final.jar:/Users/vasilisstamatopoulos/.m2/repository/io/netty/netty-transport-sctp/4.1.105.Final/netty-transport-sctp-4.1.105.Final.jar:/Users/vasilisstamatopoulos/.m2/repository/io/netty/netty-transport-udt/4.1.105.Final/netty-transport-udt-4.1.105.Final.jar:/Users/vasilisstamatopoulos/.m2/repository/io/netty/netty-transport-classes-epoll/4.1.105.Final/netty-transport-classes-epoll-4.1.105.Final.jar:/Users/vasilisstamatopoulos/.m2/repository/io/netty/netty-transport-classes-kqueue/4.1.105.Final/netty-transport-classes-kqueue-4.1.105.Final.jar:/Users/vasilisstamatopoulos/.m2/repository/io/netty/netty-resolver-dns-classes-macos/4.1.105.Final/netty-resolver-dns-classes-macos-4.1.105.Final.jar:/Users/vasilisstamatopoulos/.m2/repository/io/netty/netty-transport-native-epoll/4.1.105.Final/netty-transport-native-epoll-4.1.105.Final-linux-x86_64.jar:/Users/vasilisstamatopoulos/.m2/repository/io/netty/netty-transport-native-epoll/4.1.105.Final/netty-transport-native-epoll-4.1.105.Final-linux-aarch_64.jar:/Users/vasilisstamatopoulos/.m2/repository/io/netty/netty-transport-native-kqueue/4.1.105.Final/netty-transport-native-kqueue-4.1.105.Final-osx-x86_64.jar:/Users/vasilisstamatopoulos/.m2/repository/io/netty/netty-transport-native-kqueue/4.1.105.Final/netty-transport-native-kqueue-4.1.105.Final-osx-aarch_64.jar:/Users/vasilisstamatopoulos/.m2/repository/io/netty/netty-resolver-dns-native-macos/4.1.105.Final/netty-resolver-dns-native-macos-4.1.105.Final-osx-x86_64.jar:/Users/vasilisstamatopoulos/.m2/repository/io/netty/netty-resolver-dns-native-macos/4.1.105.Final/netty-resolver-dns-native-macos-4.1.105.Final-osx-aarch_64.jar:"/>
    <property name="sun.cpu.endian" value="little"/>
    <property name="user.home" value="/Users/vasilisstamatopoulos"/>
    <property name="user.language" value="en"/>
    <property name="java.specification.vendor" value="Oracle Corporation"/>
    <property name="java.version.date" value="2021-10-19"/>
    <property name="java.home" value="/Library/Java/JavaVirtualMachines/jdk-17.0.1.jdk/Contents/Home"/>
    <property name="file.separator" value="/"/>
    <property name="basedir" value="/Users/vasilisstamatopoulos/Documents/Works/ATHENA/Projects/XtremeXP/Code/xtremexp-vis-api"/>
    <property name="java.vm.compressedOopsMode" value="Zero based"/>
    <property name="line.separator" value="&#10;"/>
    <property name="java.specification.name" value="Java Platform API Specification"/>
    <property name="java.vm.specification.vendor" value="Oracle Corporation"/>
    <property name="FILE_LOG_CHARSET" value="UTF-8"/>
    <property name="java.awt.headless" value="true"/>
    <property name="surefire.real.class.path" value="/Users/vasilisstamatopoulos/Documents/Works/ATHENA/Projects/XtremeXP/Code/xtremexp-vis-api/target/surefire/surefirebooter-20240315175531567_3.jar"/>
    <property name="sun.management.compiler" value="HotSpot 64-Bit Tiered Compilers"/>
    <property name="java.runtime.version" value="17.0.1+12-39"/>
    <property name="user.name" value="vasilisstamatopoulos"/>
    <property name="path.separator" value=":"/>
    <property name="os.version" value="12.5.1"/>
    <property name="java.runtime.name" value="OpenJDK Runtime Environment"/>
    <property name="file.encoding" value="UTF-8"/>
    <property name="java.vm.name" value="OpenJDK 64-Bit Server VM"/>
    <property name="localRepository" value="/Users/vasilisstamatopoulos/.m2/repository"/>
    <property name="java.vendor.url.bug" value="https://bugreport.java.com/bugreport/"/>
    <property name="java.io.tmpdir" value="/var/folders/cl/rlgfvqcj5bz8p2v_8qkjcb500000gn/T/"/>
    <property name="java.version" value="17.0.1"/>
    <property name="user.dir" value="/Users/vasilisstamatopoulos/Documents/Works/ATHENA/Projects/XtremeXP/Code/xtremexp-vis-api"/>
    <property name="os.arch" value="x86_64"/>
    <property name="java.vm.specification.name" value="Java Virtual Machine Specification"/>
    <property name="PID" value="28500"/>
    <property name="CONSOLE_LOG_CHARSET" value="UTF-8"/>
    <property name="native.encoding" value="UTF-8"/>
    <property name="java.library.path" value="/Users/vasilisstamatopoulos/Library/Java/Extensions:/Library/Java/Extensions:/Network/Library/Java/Extensions:/System/Library/Java/Extensions:/usr/lib/java:."/>
    <property name="java.vm.info" value="mixed mode, emulated-client, sharing"/>
    <property name="java.vendor" value="Oracle Corporation"/>
    <property name="java.vm.version" value="17.0.1+12-39"/>
    <property name="sun.io.unicode.encoding" value="UnicodeBig"/>
    <property name="java.class.version" value="61.0"/>
  </properties>
  <testcase name="contextLoads" classname="gr.imsi.athenarc.xtremexpvisapi.XtremexpVisApiApplicationTests" time="0.739">
    <system-out><![CDATA[17:55:32,279 |-INFO in ch.qos.logback.classic.LoggerContext[default] - This is logback-classic version 1.4.14
17:55:32,282 |-INFO in ch.qos.logback.classic.util.ContextInitializer@6f3187b0 - Here is a list of configurators discovered as a service, by rank: 
17:55:32,282 |-INFO in ch.qos.logback.classic.util.ContextInitializer@6f3187b0 -   org.springframework.boot.logging.logback.RootLogLevelConfigurator
17:55:32,282 |-INFO in ch.qos.logback.classic.util.ContextInitializer@6f3187b0 - They will be invoked in order until ExecutionStatus.DO_NOT_INVOKE_NEXT_IF_ANY is returned.
17:55:32,282 |-INFO in ch.qos.logback.classic.util.ContextInitializer@6f3187b0 - Constructed configurator of type class org.springframework.boot.logging.logback.RootLogLevelConfigurator
17:55:32,295 |-INFO in ch.qos.logback.classic.util.ContextInitializer@6f3187b0 - org.springframework.boot.logging.logback.RootLogLevelConfigurator.configure() call lasted 0 milliseconds. ExecutionStatus=INVOKE_NEXT_IF_ANY
17:55:32,295 |-INFO in ch.qos.logback.classic.util.ContextInitializer@6f3187b0 - Trying to configure with ch.qos.logback.classic.joran.SerializedModelConfigurator
17:55:32,295 |-INFO in ch.qos.logback.classic.util.ContextInitializer@6f3187b0 - Constructed configurator of type class ch.qos.logback.classic.joran.SerializedModelConfigurator
17:55:32,298 |-INFO in ch.qos.logback.classic.LoggerContext[default] - Could NOT find resource [logback-test.scmo]
17:55:32,298 |-INFO in ch.qos.logback.classic.LoggerContext[default] - Could NOT find resource [logback.scmo]
17:55:32,298 |-INFO in ch.qos.logback.classic.util.ContextInitializer@6f3187b0 - ch.qos.logback.classic.joran.SerializedModelConfigurator.configure() call lasted 3 milliseconds. ExecutionStatus=INVOKE_NEXT_IF_ANY
17:55:32,298 |-INFO in ch.qos.logback.classic.util.ContextInitializer@6f3187b0 - Trying to configure with ch.qos.logback.classic.util.DefaultJoranConfigurator
17:55:32,298 |-INFO in ch.qos.logback.classic.util.ContextInitializer@6f3187b0 - Constructed configurator of type class ch.qos.logback.classic.util.DefaultJoranConfigurator
17:55:32,299 |-INFO in ch.qos.logback.classic.LoggerContext[default] - Could NOT find resource [logback-test.xml]
17:55:32,303 |-INFO in ch.qos.logback.classic.LoggerContext[default] - Found resource [logback.xml] at [file:/Users/vasilisstamatopoulos/Documents/Works/ATHENA/Projects/XtremeXP/Code/xtremexp-vis-api/target/classes/logback.xml]
17:55:32,382 |-INFO in ch.qos.logback.classic.model.processor.ConfigurationModelHandlerFull - Registering a new ReconfigureOnChangeTask ReconfigureOnChangeTask(born:1710518132373)
17:55:32,382 |-INFO in ch.qos.logback.classic.model.processor.ConfigurationModelHandlerFull - No 'scanPeriod' specified. Defaulting to 1 minutes
17:55:32,382 |-INFO in ch.qos.logback.classic.model.processor.ConfigurationModelHandlerFull - Will scan for changes in [file:/Users/vasilisstamatopoulos/Documents/Works/ATHENA/Projects/XtremeXP/Code/xtremexp-vis-api/target/classes/logback.xml] 
17:55:32,382 |-INFO in ch.qos.logback.classic.model.processor.ConfigurationModelHandlerFull - Setting ReconfigureOnChangeTask scanning period to 1 minutes
17:55:32,385 |-INFO in ch.qos.logback.core.model.processor.AppenderModelHandler - Processing appender named [CONSOLE]
17:55:32,386 |-INFO in ch.qos.logback.core.model.processor.AppenderModelHandler - About to instantiate appender of type [ch.qos.logback.core.ConsoleAppender]
17:55:32,409 |-WARN in ch.qos.logback.core.ConsoleAppender[CONSOLE] - This appender no longer admits a layout as a sub-component, set an encoder instead.
17:55:32,409 |-WARN in ch.qos.logback.core.ConsoleAppender[CONSOLE] - To ensure compatibility, wrapping your layout in LayoutWrappingEncoder.
17:55:32,410 |-WARN in ch.qos.logback.core.ConsoleAppender[CONSOLE] - See also http://logback.qos.ch/codes.html#layoutInsteadOfEncoder for details
17:55:32,410 |-INFO in ch.qos.logback.core.model.processor.AppenderModelHandler - Processing appender named [FILE]
17:55:32,410 |-INFO in ch.qos.logback.core.model.processor.AppenderModelHandler - About to instantiate appender of type [ch.qos.logback.core.FileAppender]
17:55:32,411 |-WARN in ch.qos.logback.core.FileAppender[FILE] - This appender no longer admits a layout as a sub-component, set an encoder instead.
17:55:32,411 |-WARN in ch.qos.logback.core.FileAppender[FILE] - To ensure compatibility, wrapping your layout in LayoutWrappingEncoder.
17:55:32,411 |-WARN in ch.qos.logback.core.FileAppender[FILE] - See also http://logback.qos.ch/codes.html#layoutInsteadOfEncoder for details
17:55:32,412 |-INFO in ch.qos.logback.core.FileAppender[FILE] - File property is set to [logs.log]
17:55:32,431 |-INFO in ch.qos.logback.classic.model.processor.LoggerModelHandler - Setting level of logger [gr.imsi.athenarc.xtremexpvisapi.XtremexpVisApiApplication] to INFO
17:55:32,431 |-INFO in ch.qos.logback.classic.model.processor.LoggerModelHandler - Setting level of logger [gr.imsi.athenarc.xtremexpvisapi.controller.VisualizationController] to DEBUG
17:55:32,431 |-INFO in ch.qos.logback.classic.model.processor.LoggerModelHandler - Setting level of logger [gr.imsi.athenarc.xtremexpvisapi.datasource.QueryExecutor] to DEBUG
17:55:32,431 |-INFO in ch.qos.logback.classic.model.processor.RootLoggerModelHandler - Setting level of ROOT logger to INFO
17:55:32,431 |-INFO in ch.qos.logback.core.model.processor.AppenderRefModelHandler - Attaching appender named [CONSOLE] to Logger[ROOT]
17:55:32,432 |-INFO in ch.qos.logback.core.model.processor.AppenderRefModelHandler - Attaching appender named [FILE] to Logger[ROOT]
17:55:32,432 |-INFO in ch.qos.logback.core.model.processor.DefaultProcessor@2663e964 - End of configuration.
17:55:32,432 |-INFO in ch.qos.logback.classic.joran.JoranConfigurator@48b67364 - Registering current configuration as safe fallback point
17:55:32,432 |-INFO in ch.qos.logback.classic.util.ContextInitializer@6f3187b0 - ch.qos.logback.classic.util.DefaultJoranConfigurator.configure() call lasted 134 milliseconds. ExecutionStatus=DO_NOT_INVOKE_NEXT_IF_ANY

17:55:32.498 [main] INFO  o.s.t.c.s.AnnotationConfigContextLoaderUtils - Could not detect default configuration classes for test class [gr.imsi.athenarc.xtremexpvisapi.XtremexpVisApiApplicationTests]: XtremexpVisApiApplicationTests does not declare any static, non-private, non-final, nested classes annotated with @Configuration.
17:55:32.586 [main] INFO  o.s.b.t.c.SpringBootTestContextBootstrapper - Found @SpringBootConfiguration gr.imsi.athenarc.xtremexpvisapi.XtremexpVisApiApplication for test class gr.imsi.athenarc.xtremexpvisapi.XtremexpVisApiApplicationTests
17:55:32,859 |-INFO in ch.qos.logback.classic.model.processor.ConfigurationModelHandlerFull - Registering a new ReconfigureOnChangeTask ReconfigureOnChangeTask(born:1710518132859)
17:55:32,859 |-INFO in ch.qos.logback.classic.model.processor.ConfigurationModelHandlerFull - No 'scanPeriod' specified. Defaulting to 1 minutes
17:55:32,859 |-INFO in ch.qos.logback.classic.model.processor.ConfigurationModelHandlerFull - Will scan for changes in [file:/Users/vasilisstamatopoulos/Documents/Works/ATHENA/Projects/XtremeXP/Code/xtremexp-vis-api/target/classes/logback.xml] 
17:55:32,859 |-INFO in ch.qos.logback.classic.model.processor.ConfigurationModelHandlerFull - Setting ReconfigureOnChangeTask scanning period to 1 minutes
17:55:32,860 |-INFO in ch.qos.logback.core.model.processor.AppenderModelHandler - Processing appender named [CONSOLE]
17:55:32,860 |-INFO in ch.qos.logback.core.model.processor.AppenderModelHandler - About to instantiate appender of type [ch.qos.logback.core.ConsoleAppender]
17:55:32,863 |-WARN in ch.qos.logback.core.ConsoleAppender[CONSOLE] - This appender no longer admits a layout as a sub-component, set an encoder instead.
17:55:32,863 |-WARN in ch.qos.logback.core.ConsoleAppender[CONSOLE] - To ensure compatibility, wrapping your layout in LayoutWrappingEncoder.
17:55:32,863 |-WARN in ch.qos.logback.core.ConsoleAppender[CONSOLE] - See also http://logback.qos.ch/codes.html#layoutInsteadOfEncoder for details
17:55:32,863 |-INFO in ch.qos.logback.core.model.processor.AppenderModelHandler - Processing appender named [FILE]
17:55:32,863 |-INFO in ch.qos.logback.core.model.processor.AppenderModelHandler - About to instantiate appender of type [ch.qos.logback.core.FileAppender]
17:55:32,864 |-WARN in ch.qos.logback.core.FileAppender[FILE] - This appender no longer admits a layout as a sub-component, set an encoder instead.
17:55:32,864 |-WARN in ch.qos.logback.core.FileAppender[FILE] - To ensure compatibility, wrapping your layout in LayoutWrappingEncoder.
17:55:32,864 |-WARN in ch.qos.logback.core.FileAppender[FILE] - See also http://logback.qos.ch/codes.html#layoutInsteadOfEncoder for details
17:55:32,864 |-INFO in ch.qos.logback.core.FileAppender[FILE] - File property is set to [logs.log]
17:55:32,864 |-INFO in ch.qos.logback.classic.model.processor.LoggerModelHandler - Setting level of logger [gr.imsi.athenarc.xtremexpvisapi.XtremexpVisApiApplication] to INFO
17:55:32,864 |-INFO in ch.qos.logback.classic.jul.LevelChangePropagator@5215cd9a - Propagating INFO level on Logger[gr.imsi.athenarc.xtremexpvisapi.XtremexpVisApiApplication] onto the JUL framework
17:55:32,865 |-INFO in ch.qos.logback.classic.model.processor.LoggerModelHandler - Setting level of logger [gr.imsi.athenarc.xtremexpvisapi.controller.VisualizationController] to DEBUG
17:55:32,865 |-INFO in ch.qos.logback.classic.jul.LevelChangePropagator@5215cd9a - Propagating DEBUG level on Logger[gr.imsi.athenarc.xtremexpvisapi.controller.VisualizationController] onto the JUL framework
17:55:32,865 |-INFO in ch.qos.logback.classic.model.processor.LoggerModelHandler - Setting level of logger [gr.imsi.athenarc.xtremexpvisapi.datasource.QueryExecutor] to DEBUG
17:55:32,865 |-INFO in ch.qos.logback.classic.jul.LevelChangePropagator@5215cd9a - Propagating DEBUG level on Logger[gr.imsi.athenarc.xtremexpvisapi.datasource.QueryExecutor] onto the JUL framework
17:55:32,865 |-INFO in ch.qos.logback.classic.model.processor.RootLoggerModelHandler - Setting level of ROOT logger to INFO
17:55:32,865 |-INFO in ch.qos.logback.classic.jul.LevelChangePropagator@5215cd9a - Propagating INFO level on Logger[ROOT] onto the JUL framework
17:55:32,865 |-INFO in ch.qos.logback.core.model.processor.AppenderRefModelHandler - Attaching appender named [CONSOLE] to Logger[ROOT]
17:55:32,865 |-INFO in ch.qos.logback.core.model.processor.AppenderRefModelHandler - Attaching appender named [FILE] to Logger[ROOT]
17:55:32,865 |-INFO in ch.qos.logback.core.model.processor.DefaultProcessor@36b6964d - End of configuration.
17:55:32,865 |-INFO in org.springframework.boot.logging.logback.SpringBootJoranConfigurator@31198ceb - Registering current configuration as safe fallback point


  .   ____          _            __ _ _
 /\\ / ___'_ __ _ _(_)_ __  __ _ \ \ \ \
( ( )\___ | '_ | '_| | '_ \/ _` | \ \ \ \
 \\/  ___)| |_)| | | | | || (_| |  ) ) ) )
  '  |____| .__|_| |_|_| |_\__, | / / / /
 =========|_|==============|___/=/_/_/_/
 :: Spring Boot ::             (v3.3.0-M1)

17:55:32.885 [background-preinit] INFO  o.h.validator.internal.util.Version - HV000001: Hibernate Validator 8.0.1.Final
17:55:32.906 [main] INFO  g.i.a.x.XtremexpVisApiApplicationTests - Starting XtremexpVisApiApplicationTests using Java 17.0.1 with PID 28500 (started by vasilisstamatopoulos in /Users/vasilisstamatopoulos/Documents/Works/ATHENA/Projects/XtremeXP/Code/xtremexp-vis-api)
17:55:32.907 [main] INFO  g.i.a.x.XtremexpVisApiApplicationTests - No active profile set, falling back to 1 default profile: "default"
17:55:34.134 [main] INFO  g.i.a.x.XtremexpVisApiApplicationTests - Started XtremexpVisApiApplicationTests in 1.452 seconds (process running for 2.473)
]]></system-out>
  </testcase>
</testsuite>